C:\Program Files\Microsoft Visual Studio\2022\Community\MSBuild\Microsoft\VC\v170\Microsoft.CppBuild.targets(503,5): warning MSB8004: Output Directory does not end with a trailing slash.  This build instance will add the slash as it is required to allow proper evaluation of the Output Directory.
  RR_Graphics.cpp
C:\Users\jclevenger\Documents\RetroRasterLib\src\RR_Graphics.cpp(468,29): warning C4244: 'argument': conversion from 'double' to 'int', possible loss of data
C:\Users\jclevenger\Documents\RetroRasterLib\src\RR_Graphics.cpp(468,25): warning C4244: 'argument': conversion from 'double' to 'int', possible loss of data
C:\Users\jclevenger\Documents\RetroRasterLib\src\RR_Graphics.cpp(489,17): warning C4244: '=': conversion from 'float' to 'int', possible loss of data
C:\Users\jclevenger\Documents\RetroRasterLib\src\RR_Graphics.cpp(491,21): warning C4244: '=': conversion from 'float' to 'int', possible loss of data
C:\Users\jclevenger\Documents\RetroRasterLib\src\RR_Graphics.cpp(850,15): warning C4244: 'initializing': conversion from 'float' to 'int', possible loss of data
C:\Users\jclevenger\Documents\RetroRasterLib\src\RR_Graphics.cpp(851,19): warning C4244: 'initializing': conversion from 'float' to 'int', possible loss of data
C:\Users\jclevenger\Documents\RetroRasterLib\src\RR_Graphics.cpp(852,25): warning C4244: '=': conversion from 'int' to 'float', possible loss of data
C:\Users\jclevenger\Documents\RetroRasterLib\src\RR_Graphics.cpp(852,40): warning C4244: '=': conversion from 'int' to 'float', possible loss of data
  RR_Lib.cpp
C:\Users\jclevenger\Documents\RetroRasterLib\src\RR_Lib.cpp(325,20): warning C4333: '>>': right shift by too large amount, data loss
C:\Users\jclevenger\Documents\RetroRasterLib\src\RR_Lib.cpp(325,41): warning C4333: '>>': right shift by too large amount, data loss
C:\Users\jclevenger\Documents\RetroRasterLib\src\RR_Lib.cpp(371,2): warning C4267: 'return': conversion from 'size_t' to 'int', possible loss of data
C:\Users\jclevenger\Documents\RetroRasterLib\src\RR_Lib.cpp(401,85): warning C4244: 'argument': conversion from 'float' to 'Uint16', possible loss of data
C:\Users\jclevenger\Documents\RetroRasterLib\src\RR_Lib.cpp(401,68): warning C4244: 'argument': conversion from 'float' to 'Uint16', possible loss of data
  RR_Logger.cpp
C:\Users\jclevenger\Documents\RetroRasterLib\src\RR_Logger.cpp(87,30): warning C4309: '=': truncation of constant value
C:\Users\jclevenger\Documents\RetroRasterLib\src\RR_Logger.cpp(88,30): warning C4309: '=': truncation of constant value
C:\Users\jclevenger\Documents\RetroRasterLib\src\RR_Logger.cpp(89,30): warning C4309: '=': truncation of constant value
  RR_Window.cpp
C:\Users\jclevenger\Documents\RetroRasterLib\src\RR_Window.cpp(57,40): warning C4244: '=': conversion from 'float' to 'int', possible loss of data
C:\Users\jclevenger\Documents\RetroRasterLib\src\RR_Window.cpp(58,42): warning C4244: '=': conversion from 'float' to 'int', possible loss of data
C:\Users\jclevenger\Documents\RetroRasterLib\src\RR_Window.cpp(67,51): warning C4267: '=': conversion from 'size_t' to 'int', possible loss of data
C:\Users\jclevenger\Documents\RetroRasterLib\src\RR_Window.cpp(263,64): warning C4244: '=': conversion from 'float' to 'int', possible loss of data
C:\Users\jclevenger\Documents\RetroRasterLib\src\RR_Window.cpp(264,64): warning C4244: '=': conversion from 'float' to 'int', possible loss of data
C:\Users\jclevenger\Documents\RetroRasterLib\src\RR_Window.cpp(313,35): warning C4244: '=': conversion from 'double' to 'float', possible loss of data
C:\Users\jclevenger\Documents\RetroRasterLib\src\RR_Window.cpp(315,36): warning C4244: '=': conversion from 'double' to 'float', possible loss of data
C:\Users\jclevenger\Documents\RetroRasterLib\src\RR_Window.cpp(348,42): warning C4244: '=': conversion from 'Uint64' to 'int', possible loss of data
C:\Users\jclevenger\Documents\RetroRasterLib\src\RR_Window.cpp(358,23): warning C4244: 'initializing': conversion from 'float' to 'uint64_t', possible loss of data
  Generating code
  206 of 216 functions (95.4%) were compiled, the rest were copied from previous compilation.
    8 functions were new in current compilation
    2 functions had inline decision re-evaluated but remain unchanged
  Finished generating code
  RetroRasterLib.vcxproj -> C:\Users\jclevenger\Documents\RetroRasterLib\bin\x64\Dynamic\RetroRasterLib.dll
